mode: set
github.com/lmzuccarelli/custom-tekton-emulator-cicd/pkg/connectors/implementation.go:15.57,17.2 1 1
github.com/lmzuccarelli/custom-tekton-emulator-cicd/pkg/connectors/implementation.go:19.60,21.2 1 1
github.com/lmzuccarelli/custom-tekton-emulator-cicd/pkg/connectors/implementation.go:23.59,25.2 1 1
github.com/lmzuccarelli/custom-tekton-emulator-cicd/pkg/connectors/implementation.go:27.60,29.2 1 1
github.com/lmzuccarelli/custom-tekton-emulator-cicd/pkg/connectors/implementation.go:31.60,33.2 1 1
github.com/lmzuccarelli/custom-tekton-emulator-cicd/pkg/connectors/implementation.go:35.92,41.36 5 1
github.com/lmzuccarelli/custom-tekton-emulator-cicd/pkg/connectors/implementation.go:45.2,45.35 1 1
github.com/lmzuccarelli/custom-tekton-emulator-cicd/pkg/connectors/implementation.go:48.2,48.12 1 1
github.com/lmzuccarelli/custom-tekton-emulator-cicd/pkg/connectors/implementation.go:41.36,43.3 1 0
github.com/lmzuccarelli/custom-tekton-emulator-cicd/pkg/connectors/implementation.go:45.35,47.3 1 0
github.com/lmzuccarelli/custom-tekton-emulator-cicd/pkg/service/helpers.go:45.49,51.39 6 1
github.com/lmzuccarelli/custom-tekton-emulator-cicd/pkg/service/helpers.go:67.2,67.10 1 1
github.com/lmzuccarelli/custom-tekton-emulator-cicd/pkg/service/helpers.go:51.39,57.34 6 1
github.com/lmzuccarelli/custom-tekton-emulator-cicd/pkg/service/helpers.go:60.3,60.31 1 1
github.com/lmzuccarelli/custom-tekton-emulator-cicd/pkg/service/helpers.go:63.3,65.41 3 1
github.com/lmzuccarelli/custom-tekton-emulator-cicd/pkg/service/helpers.go:57.34,59.4 1 1
github.com/lmzuccarelli/custom-tekton-emulator-cicd/pkg/service/helpers.go:60.31,62.4 1 1
github.com/lmzuccarelli/custom-tekton-emulator-cicd/pkg/service/helpers.go:71.59,72.35 1 1
github.com/lmzuccarelli/custom-tekton-emulator-cicd/pkg/service/helpers.go:72.35,74.3 1 1
github.com/lmzuccarelli/custom-tekton-emulator-cicd/pkg/service/helpers.go:78.65,79.39 1 1
github.com/lmzuccarelli/custom-tekton-emulator-cicd/pkg/service/helpers.go:79.39,80.33 1 1
github.com/lmzuccarelli/custom-tekton-emulator-cicd/pkg/service/helpers.go:85.3,85.52 1 1
github.com/lmzuccarelli/custom-tekton-emulator-cicd/pkg/service/helpers.go:80.33,81.42 1 1
github.com/lmzuccarelli/custom-tekton-emulator-cicd/pkg/service/helpers.go:81.42,83.5 1 1
github.com/lmzuccarelli/custom-tekton-emulator-cicd/pkg/service/helpers.go:85.52,87.4 1 0
github.com/lmzuccarelli/custom-tekton-emulator-cicd/pkg/service/helpers.go:92.70,94.41 2 1
github.com/lmzuccarelli/custom-tekton-emulator-cicd/pkg/service/helpers.go:97.2,97.17 1 1
github.com/lmzuccarelli/custom-tekton-emulator-cicd/pkg/service/helpers.go:94.41,96.3 1 1
github.com/lmzuccarelli/custom-tekton-emulator-cicd/pkg/service/helpers.go:101.73,102.29 1 1
github.com/lmzuccarelli/custom-tekton-emulator-cicd/pkg/service/helpers.go:107.2,107.22 1 0
github.com/lmzuccarelli/custom-tekton-emulator-cicd/pkg/service/helpers.go:102.29,103.38 1 1
github.com/lmzuccarelli/custom-tekton-emulator-cicd/pkg/service/helpers.go:103.38,105.4 1 1
github.com/lmzuccarelli/custom-tekton-emulator-cicd/pkg/service/helpers.go:111.85,112.35 1 0
github.com/lmzuccarelli/custom-tekton-emulator-cicd/pkg/service/helpers.go:117.2,117.25 1 0
github.com/lmzuccarelli/custom-tekton-emulator-cicd/pkg/service/helpers.go:112.35,113.41 1 0
github.com/lmzuccarelli/custom-tekton-emulator-cicd/pkg/service/helpers.go:113.41,115.4 1 0
github.com/lmzuccarelli/custom-tekton-emulator-cicd/pkg/service/helpers.go:121.74,123.26 2 1
github.com/lmzuccarelli/custom-tekton-emulator-cicd/pkg/service/helpers.go:131.2,131.19 1 1
github.com/lmzuccarelli/custom-tekton-emulator-cicd/pkg/service/helpers.go:123.26,126.23 3 1
github.com/lmzuccarelli/custom-tekton-emulator-cicd/pkg/service/helpers.go:129.3,129.27 1 1
github.com/lmzuccarelli/custom-tekton-emulator-cicd/pkg/service/helpers.go:126.23,128.4 1 0
github.com/lmzuccarelli/custom-tekton-emulator-cicd/pkg/service/helpers.go:135.80,140.26 4 1
github.com/lmzuccarelli/custom-tekton-emulator-cicd/pkg/service/helpers.go:148.2,148.22 1 1
github.com/lmzuccarelli/custom-tekton-emulator-cicd/pkg/service/helpers.go:140.26,143.24 3 1
github.com/lmzuccarelli/custom-tekton-emulator-cicd/pkg/service/helpers.go:146.3,146.34 1 1
github.com/lmzuccarelli/custom-tekton-emulator-cicd/pkg/service/helpers.go:143.24,145.4 1 0
github.com/lmzuccarelli/custom-tekton-emulator-cicd/pkg/service/helpers.go:152.68,155.16 3 1
github.com/lmzuccarelli/custom-tekton-emulator-cicd/pkg/service/helpers.go:158.2,158.26 1 1
github.com/lmzuccarelli/custom-tekton-emulator-cicd/pkg/service/helpers.go:173.2,173.17 1 1
github.com/lmzuccarelli/custom-tekton-emulator-cicd/pkg/service/helpers.go:155.16,157.3 1 0
github.com/lmzuccarelli/custom-tekton-emulator-cicd/pkg/service/helpers.go:158.26,159.17 1 1
github.com/lmzuccarelli/custom-tekton-emulator-cicd/pkg/service/helpers.go:159.17,162.24 3 1
github.com/lmzuccarelli/custom-tekton-emulator-cicd/pkg/service/helpers.go:166.4,166.30 1 1
github.com/lmzuccarelli/custom-tekton-emulator-cicd/pkg/service/helpers.go:162.24,164.5 1 0
github.com/lmzuccarelli/custom-tekton-emulator-cicd/pkg/service/helpers.go:166.30,170.5 3 1
github.com/lmzuccarelli/custom-tekton-emulator-cicd/pkg/service/helpers.go:177.71,178.25 1 1
github.com/lmzuccarelli/custom-tekton-emulator-cicd/pkg/service/helpers.go:190.2,190.12 1 1
github.com/lmzuccarelli/custom-tekton-emulator-cicd/pkg/service/helpers.go:178.25,186.17 7 1
github.com/lmzuccarelli/custom-tekton-emulator-cicd/pkg/service/helpers.go:186.17,188.4 1 0
github.com/lmzuccarelli/custom-tekton-emulator-cicd/pkg/service/helpers.go:194.76,196.16 2 1
github.com/lmzuccarelli/custom-tekton-emulator-cicd/pkg/service/helpers.go:199.2,200.11 2 1
github.com/lmzuccarelli/custom-tekton-emulator-cicd/pkg/service/helpers.go:237.2,237.23 1 0
github.com/lmzuccarelli/custom-tekton-emulator-cicd/pkg/service/helpers.go:196.16,198.3 1 1
github.com/lmzuccarelli/custom-tekton-emulator-cicd/pkg/service/helpers.go:201.28,204.17 3 1
github.com/lmzuccarelli/custom-tekton-emulator-cicd/pkg/service/helpers.go:207.3,207.17 1 1
github.com/lmzuccarelli/custom-tekton-emulator-cicd/pkg/service/helpers.go:208.24,211.17 3 1
github.com/lmzuccarelli/custom-tekton-emulator-cicd/pkg/service/helpers.go:214.3,214.17 1 1
github.com/lmzuccarelli/custom-tekton-emulator-cicd/pkg/service/helpers.go:215.21,218.17 3 1
github.com/lmzuccarelli/custom-tekton-emulator-cicd/pkg/service/helpers.go:221.3,221.16 1 1
github.com/lmzuccarelli/custom-tekton-emulator-cicd/pkg/service/helpers.go:222.25,225.17 3 1
github.com/lmzuccarelli/custom-tekton-emulator-cicd/pkg/service/helpers.go:228.3,228.16 1 1
github.com/lmzuccarelli/custom-tekton-emulator-cicd/pkg/service/helpers.go:229.30,232.17 3 1
github.com/lmzuccarelli/custom-tekton-emulator-cicd/pkg/service/helpers.go:235.3,235.16 1 1
github.com/lmzuccarelli/custom-tekton-emulator-cicd/pkg/service/helpers.go:204.17,206.4 1 0
github.com/lmzuccarelli/custom-tekton-emulator-cicd/pkg/service/helpers.go:211.17,213.4 1 0
github.com/lmzuccarelli/custom-tekton-emulator-cicd/pkg/service/helpers.go:218.17,220.4 1 0
github.com/lmzuccarelli/custom-tekton-emulator-cicd/pkg/service/helpers.go:225.17,227.4 1 0
github.com/lmzuccarelli/custom-tekton-emulator-cicd/pkg/service/helpers.go:232.17,234.4 1 0
github.com/lmzuccarelli/custom-tekton-emulator-cicd/pkg/service/pipeline.go:13.73,21.16 6 1
github.com/lmzuccarelli/custom-tekton-emulator-cicd/pkg/service/pipeline.go:25.2,29.23 4 1
github.com/lmzuccarelli/custom-tekton-emulator-cicd/pkg/service/pipeline.go:32.2,35.28 2 1
github.com/lmzuccarelli/custom-tekton-emulator-cicd/pkg/service/pipeline.go:86.2,86.23 1 1
github.com/lmzuccarelli/custom-tekton-emulator-cicd/pkg/service/pipeline.go:95.2,95.29 1 1
github.com/lmzuccarelli/custom-tekton-emulator-cicd/pkg/service/pipeline.go:111.2,111.12 1 1
github.com/lmzuccarelli/custom-tekton-emulator-cicd/pkg/service/pipeline.go:21.16,23.3 1 0
github.com/lmzuccarelli/custom-tekton-emulator-cicd/pkg/service/pipeline.go:29.23,31.3 1 0
github.com/lmzuccarelli/custom-tekton-emulator-cicd/pkg/service/pipeline.go:35.28,39.24 4 1
github.com/lmzuccarelli/custom-tekton-emulator-cicd/pkg/service/pipeline.go:42.3,44.10 2 1
github.com/lmzuccarelli/custom-tekton-emulator-cicd/pkg/service/pipeline.go:39.24,41.4 1 0
github.com/lmzuccarelli/custom-tekton-emulator-cicd/pkg/service/pipeline.go:45.41,50.25 3 1
github.com/lmzuccarelli/custom-tekton-emulator-cicd/pkg/service/pipeline.go:53.4,54.35 2 1
github.com/lmzuccarelli/custom-tekton-emulator-cicd/pkg/service/pipeline.go:58.4,60.18 3 1
github.com/lmzuccarelli/custom-tekton-emulator-cicd/pkg/service/pipeline.go:63.4,65.18 3 1
github.com/lmzuccarelli/custom-tekton-emulator-cicd/pkg/service/pipeline.go:68.37,70.18 2 1
github.com/lmzuccarelli/custom-tekton-emulator-cicd/pkg/service/pipeline.go:73.4,73.28 1 1
github.com/lmzuccarelli/custom-tekton-emulator-cicd/pkg/service/pipeline.go:74.40,76.18 2 1
github.com/lmzuccarelli/custom-tekton-emulator-cicd/pkg/service/pipeline.go:79.4,80.20 2 1
github.com/lmzuccarelli/custom-tekton-emulator-cicd/pkg/service/pipeline.go:50.25,52.5 1 0
github.com/lmzuccarelli/custom-tekton-emulator-cicd/pkg/service/pipeline.go:54.35,57.5 2 1
github.com/lmzuccarelli/custom-tekton-emulator-cicd/pkg/service/pipeline.go:60.18,62.5 1 0
github.com/lmzuccarelli/custom-tekton-emulator-cicd/pkg/service/pipeline.go:65.18,67.5 1 0
github.com/lmzuccarelli/custom-tekton-emulator-cicd/pkg/service/pipeline.go:70.18,72.5 1 0
github.com/lmzuccarelli/custom-tekton-emulator-cicd/pkg/service/pipeline.go:76.18,78.5 1 0
github.com/lmzuccarelli/custom-tekton-emulator-cicd/pkg/service/pipeline.go:80.20,82.5 1 0
github.com/lmzuccarelli/custom-tekton-emulator-cicd/pkg/service/pipeline.go:86.23,92.3 5 0
github.com/lmzuccarelli/custom-tekton-emulator-cicd/pkg/service/pipeline.go:95.29,98.45 3 1
github.com/lmzuccarelli/custom-tekton-emulator-cicd/pkg/service/pipeline.go:101.3,103.43 3 1
github.com/lmzuccarelli/custom-tekton-emulator-cicd/pkg/service/pipeline.go:98.45,100.4 1 0
github.com/lmzuccarelli/custom-tekton-emulator-cicd/pkg/service/pipeline.go:103.43,106.18 3 1
github.com/lmzuccarelli/custom-tekton-emulator-cicd/pkg/service/pipeline.go:106.18,108.5 1 0
github.com/lmzuccarelli/custom-tekton-emulator-cicd/pkg/service/pipeline.go:114.55,116.16 2 1
github.com/lmzuccarelli/custom-tekton-emulator-cicd/pkg/service/pipeline.go:119.2,119.43 1 1
github.com/lmzuccarelli/custom-tekton-emulator-cicd/pkg/service/pipeline.go:116.16,118.3 1 0
